<?xml version='1.0' encoding='UTF-8'?>
<testsuite hostname="Vasyls-MacBook-Pro.local" name="FunctionalSpec" tests="4" errors="0" failures="0" skipped="0" time="0.197" timestamp="2020-10-26T12:53:46">
                     <properties>
      <property name="java.specification.version" value="15"/><property name="sun.jnu.encoding" value="UTF-8"/><property name="sun.arch.data.model" value="64"/><property name="sbt.supershell" value="false"/><property name="java.vendor.url" value="https://java.oracle.com/"/><property name="sun.boot.library.path" value="/Users/vasyl.savytskyi/Library/Java/JavaVirtualMachines/openjdk-15/Contents/Home/lib"/><property name="sun.java.command" value="/Users/vasyl.savytskyi/Library/Application Support/JetBrains/IdeaIC2020.2/plugins/Scala/launcher/sbt-launch.jar early(addPluginSbtFile=&quot;&quot;&quot;/private/var/folders/7z/0g6b_c_j6h5861mnt4kjc6700000gp/T/idea.sbt&quot;&quot;&quot;) ; set ideaPort in Global := 63083 ; idea-shell"/><property name="jdk.debug" value="release"/><property name="java.specification.vendor" value="Oracle Corporation"/><property name="java.version.date" value="2020-09-15"/><property name="java.home" value="/Users/vasyl.savytskyi/Library/Java/JavaVirtualMachines/openjdk-15/Contents/Home"/><property name="file.separator" value="/"/><property name="java.vm.compressedOopsMode" value="Zero based"/><property name="line.separator" value="
"/><property name="java.vm.specification.vendor" value="Oracle Corporation"/><property name="java.specification.name" value="Java Platform API Specification"/><property name="sun.management.compiler" value="HotSpot 64-Bit Tiered Compilers"/><property name="java.runtime.version" value="15+36-1562"/><property name="user.name" value="vasyl.savytskyi"/><property name="log4j.ignoreTCL" value="true"/><property name="file.encoding" value="UTF-8"/><property name="jnidispatch.path" value="/Users/vasyl.savytskyi/Library/Caches/JNA/temp/jna20311858333907573.tmp"/><property name="jna.loaded" value="true"/><property name="java.io.tmpdir" value="/var/folders/7z/0g6b_c_j6h5861mnt4kjc6700000gp/T/"/><property name="java.version" value="15"/><property name="java.vm.specification.name" value="Java Virtual Machine Specification"/><property name="java.library.path" value="/Users/vasyl.savytskyi/Library/Java/Extensions:/Library/Java/Extensions:/Network/Library/Java/Extensions:/System/Library/Java/Extensions:/usr/lib/java:."/><property name="java.vendor" value="Oracle Corporation"/><property name="sun.io.unicode.encoding" value="UnicodeBig"/><property name="java.class.path" value="/Users/vasyl.savytskyi/Library/Application Support/JetBrains/IdeaIC2020.2/plugins/Scala/launcher/sbt-launch.jar"/><property name="java.vm.vendor" value="Oracle Corporation"/><property name="jline.shutdownhook" value="false"/><property name="user.timezone" value="Europe/Oslo"/><property name="java.vm.specification.version" value="15"/><property name="os.name" value="Mac OS X"/><property name="sun.java.launcher" value="SUN_STANDARD"/><property name="user.country" value="US"/><property name="sun.cpu.endian" value="little"/><property name="user.home" value="/Users/vasyl.savytskyi"/><property name="user.language" value="en"/><property name="sbt.version" value="1.3.13"/><property name="swoval.tmpdir" value="/Users/vasyl.savytskyi/.sbt/1.0"/><property name="jline.esc.timeout" value="0"/><property name="path.separator" value=":"/><property name="os.version" value="10.15.6"/><property name="jna.nosys" value="true"/><property name="java.runtime.name" value="OpenJDK Runtime Environment"/><property name="java.vm.name" value="OpenJDK 64-Bit Server VM"/><property name="jna.platform.library.path" value="/usr/lib:/usr/lib"/><property name="java.vendor.url.bug" value="https://bugreport.java.com/bugreport/"/><property name="user.dir" value="/Users/vasyl.savytskyi/IdeaProjects/play-samples-play-scala-starter-example"/><property name="os.arch" value="x86_64"/><property name="idea.managed" value="true"/><property name="java.vm.info" value="mixed mode, sharing"/><property name="java.vm.version" value="15+36-1562"/><property name="java.class.version" value="59.0"/>
    </properties>
                     <testcase classname="FunctionalSpec" name="Routes should send 404 on a bad request" time="0.158">
                                                 
                                               </testcase><testcase classname="FunctionalSpec" name="Routes should send 200 on a good request" time="0.024">
                                                 
                                               </testcase><testcase classname="FunctionalSpec" name="HomeController should render the index page" time="0.008">
                                                 
                                               </testcase><testcase classname="FunctionalSpec" name="CountController should return an increasing count" time="0.007">
                                                 
                                               </testcase>
                     <system-out><![CDATA[]]></system-out>
                     <system-err><![CDATA[]]></system-err>
                   </testsuite>